Logfile initialized
[INFO] logfile = /home/maci/TitaniumStudioWorkspace/newGleb/build.log
[DEBUG] /home/maci/.titanium/mobilesdk/linux/2.1.4.GA/android/builder.py install new gleb /home/maci/android-sdk-linux_x86 /home/maci/TitaniumStudioWorkspace/newGleb ngleb.thinetic.es 8
[INFO] Titanium SDK version: 2.1.4 (11/09/12 12:46 51f2c64)
[DEBUG] Waiting for device to be ready ...
[TRACE] adb devices returned 1 devices/emulators
[DEBUG] Device connected... (waited 0 seconds)
[DEBUG] waited 0.008350 seconds on emulator to get ready
[DEBUG] ngleb.thinetic.es installed? False
[INFO] Copying CommonJS modules...
[INFO] Copying project resources..
[INFO] Detected change in tiapp.xml, or assets deleted. Forcing full re-build...
[TRACE] COPYING CREATED FILE: /home/maci/TitaniumStudioWorkspace/newGleb/Resources/app.js => /home/maci/TitaniumStudioWorkspace/newGleb/build/android/bin/assets/Resources/app.js
[TRACE] COPYING CREATED FILE: /home/maci/TitaniumStudioWorkspace/newGleb/Resources/ui/tablet/ApplicationWindow.js => /home/maci/TitaniumStudioWorkspace/newGleb/build/android/bin/assets/Resources/ui/tablet/ApplicationWindow.js
[TRACE] COPYING CREATED FILE: /home/maci/TitaniumStudioWorkspace/newGleb/Resources/ui/handheld/ApplicationWindow.js => /home/maci/TitaniumStudioWorkspace/newGleb/build/android/bin/assets/Resources/ui/handheld/ApplicationWindow.js
[TRACE] COPYING CREATED FILE: /home/maci/TitaniumStudioWorkspace/newGleb/Resources/ui/handheld/android/ApplicationWindow.js => /home/maci/TitaniumStudioWorkspace/newGleb/build/android/bin/assets/Resources/ui/handheld/android/ApplicationWindow.js
[TRACE] COPYING CREATED FILE: /home/maci/TitaniumStudioWorkspace/newGleb/Resources/ui/common/FirstView.js => /home/maci/TitaniumStudioWorkspace/newGleb/build/android/bin/assets/Resources/ui/common/FirstView.js
[TRACE] COPYING CREATED FILE: /home/maci/TitaniumStudioWorkspace/newGleb/Resources/plugins/gps.js => /home/maci/TitaniumStudioWorkspace/newGleb/build/android/bin/assets/Resources/plugins/gps.js
[TRACE] COPYING CREATED FILE: /home/maci/TitaniumStudioWorkspace/newGleb/Resources/plugins/glebAPI.config.js => /home/maci/TitaniumStudioWorkspace/newGleb/build/android/bin/assets/Resources/plugins/glebAPI.config.js
[TRACE] COPYING CREATED FILE: /home/maci/TitaniumStudioWorkspace/newGleb/Resources/plugins/heading.js => /home/maci/TitaniumStudioWorkspace/newGleb/build/android/bin/assets/Resources/plugins/heading.js
[TRACE] COPYING CREATED FILE: /home/maci/TitaniumStudioWorkspace/newGleb/Resources/plugins/battery.js => /home/maci/TitaniumStudioWorkspace/newGleb/build/android/bin/assets/Resources/plugins/battery.js
[TRACE] COPYING CREATED FILE: /home/maci/TitaniumStudioWorkspace/newGleb/Resources/plugins/colaHTTP.js => /home/maci/TitaniumStudioWorkspace/newGleb/build/android/bin/assets/Resources/plugins/colaHTTP.js
[TRACE] COPYING CREATED FILE: /home/maci/TitaniumStudioWorkspace/newGleb/Resources/plugins/uploader.js => /home/maci/TitaniumStudioWorkspace/newGleb/build/android/bin/assets/Resources/plugins/uploader.js
[TRACE] COPYING CREATED FILE: /home/maci/TitaniumStudioWorkspace/newGleb/Resources/android/images/AR.jpg => /home/maci/TitaniumStudioWorkspace/newGleb/build/android/bin/assets/Resources/images/AR.jpg
[TRACE] COPYING CREATED FILE: /home/maci/TitaniumStudioWorkspace/newGleb/Resources/android/images/refreshArrow.png => /home/maci/TitaniumStudioWorkspace/newGleb/build/android/bin/assets/Resources/images/refreshArrow.png
[TRACE] COPYING CREATED FILE: /home/maci/TitaniumStudioWorkspace/newGleb/Resources/android/images/cargando.png => /home/maci/TitaniumStudioWorkspace/newGleb/build/android/bin/assets/Resources/images/cargando.png
[TRACE] COPYING CREATED FILE: /home/maci/TitaniumStudioWorkspace/newGleb/Resources/android/images/camara.png => /home/maci/TitaniumStudioWorkspace/newGleb/build/android/bin/assets/Resources/images/camara.png
[TRACE] COPYING CREATED FILE: /home/maci/TitaniumStudioWorkspace/newGleb/Resources/android/images/statusBar.png => /home/maci/TitaniumStudioWorkspace/newGleb/build/android/bin/assets/Resources/images/statusBar.png
[TRACE] COPYING CREATED FILE: /home/maci/TitaniumStudioWorkspace/newGleb/Resources/android/images/satellite.png => /home/maci/TitaniumStudioWorkspace/newGleb/build/android/bin/assets/Resources/images/satellite.png
[TRACE] COPYING CREATED FILE: /home/maci/TitaniumStudioWorkspace/newGleb/Resources/android/images/gleb.png => /home/maci/TitaniumStudioWorkspace/newGleb/build/android/bin/assets/Resources/images/gleb.png
[TRACE] COPYING CREATED FILE: /home/maci/TitaniumStudioWorkspace/newGleb/Resources/android/images/wizard.png => /home/maci/TitaniumStudioWorkspace/newGleb/build/android/bin/assets/Resources/images/wizard.png
[TRACE] COPYING CREATED FILE: /home/maci/TitaniumStudioWorkspace/newGleb/Resources/android/images/email_forward.png => /home/maci/TitaniumStudioWorkspace/newGleb/build/android/bin/assets/Resources/images/email_forward.png
[TRACE] COPYING CREATED FILE: /home/maci/TitaniumStudioWorkspace/newGleb/Resources/android/images/registro.png => /home/maci/TitaniumStudioWorkspace/newGleb/build/android/bin/assets/Resources/images/registro.png
[TRACE] COPYING CREATED FILE: /home/maci/TitaniumStudioWorkspace/newGleb/Resources/android/images/wizard_header.png => /home/maci/TitaniumStudioWorkspace/newGleb/build/android/bin/assets/Resources/images/wizard_header.png
[TRACE] COPYING CREATED FILE: /home/maci/TitaniumStudioWorkspace/newGleb/Resources/android/images/scanner.png => /home/maci/TitaniumStudioWorkspace/newGleb/build/android/bin/assets/Resources/images/scanner.png
[TRACE] COPYING CREATED FILE: /home/maci/TitaniumStudioWorkspace/newGleb/Resources/android/images/background.png => /home/maci/TitaniumStudioWorkspace/newGleb/build/android/bin/assets/Resources/images/background.png
[TRACE] COPYING CREATED FILE: /home/maci/TitaniumStudioWorkspace/newGleb/Resources/android/images/signal-4.png => /home/maci/TitaniumStudioWorkspace/newGleb/build/android/bin/assets/Resources/images/signal-4.png
[TRACE] COPYING CREATED FILE: /home/maci/TitaniumStudioWorkspace/newGleb/Resources/android/images/IOSIcon.png => /home/maci/TitaniumStudioWorkspace/newGleb/build/android/bin/assets/Resources/images/IOSIcon.png
[TRACE] COPYING CREATED FILE: /home/maci/TitaniumStudioWorkspace/newGleb/Resources/android/images/statusBar_left.png => /home/maci/TitaniumStudioWorkspace/newGleb/build/android/bin/assets/Resources/images/statusBar_left.png
[TRACE] COPYING CREATED FILE: /home/maci/TitaniumStudioWorkspace/newGleb/Resources/android/images/signal-2.png => /home/maci/TitaniumStudioWorkspace/newGleb/build/android/bin/assets/Resources/images/signal-2.png
[TRACE] COPYING CREATED FILE: /home/maci/TitaniumStudioWorkspace/newGleb/Resources/android/images/signal-0.png => /home/maci/TitaniumStudioWorkspace/newGleb/build/android/bin/assets/Resources/images/signal-0.png
[TRACE] COPYING CREATED FILE: /home/maci/TitaniumStudioWorkspace/newGleb/Resources/android/images/wikitude.png => /home/maci/TitaniumStudioWorkspace/newGleb/build/android/bin/assets/Resources/images/wikitude.png
[TRACE] COPYING CREATED FILE: /home/maci/TitaniumStudioWorkspace/newGleb/Resources/android/images/androidIcon.png => /home/maci/TitaniumStudioWorkspace/newGleb/build/android/bin/assets/Resources/images/androidIcon.png
[TRACE] COPYING CREATED FILE: /home/maci/TitaniumStudioWorkspace/newGleb/Resources/android/images/banner.png => /home/maci/TitaniumStudioWorkspace/newGleb/build/android/bin/assets/Resources/images/banner.png
[TRACE] COPYING CREATED FILE: /home/maci/TitaniumStudioWorkspace/newGleb/Resources/android/images/signal-5.png => /home/maci/TitaniumStudioWorkspace/newGleb/build/android/bin/assets/Resources/images/signal-5.png
[TRACE] COPYING CREATED FILE: /home/maci/TitaniumStudioWorkspace/newGleb/Resources/android/images/signal-1.png => /home/maci/TitaniumStudioWorkspace/newGleb/build/android/bin/assets/Resources/images/signal-1.png
[TRACE] COPYING CREATED FILE: /home/maci/TitaniumStudioWorkspace/newGleb/Resources/android/images/map.png => /home/maci/TitaniumStudioWorkspace/newGleb/build/android/bin/assets/Resources/images/map.png
[TRACE] COPYING CREATED FILE: /home/maci/TitaniumStudioWorkspace/newGleb/Resources/android/images/statusBar_right.png => /home/maci/TitaniumStudioWorkspace/newGleb/build/android/bin/assets/Resources/images/statusBar_right.png
[TRACE] COPYING CREATED FILE: /home/maci/TitaniumStudioWorkspace/newGleb/Resources/android/images/antena.png => /home/maci/TitaniumStudioWorkspace/newGleb/build/android/bin/assets/Resources/images/antena.png
[TRACE] COPYING CREATED FILE: /home/maci/TitaniumStudioWorkspace/newGleb/Resources/android/images/ar.png => /home/maci/TitaniumStudioWorkspace/newGleb/build/android/bin/assets/Resources/images/ar.png
[TRACE] COPYING CREATED FILE: /home/maci/TitaniumStudioWorkspace/newGleb/Resources/android/images/flecha.png => /home/maci/TitaniumStudioWorkspace/newGleb/build/android/bin/assets/Resources/images/flecha.png
[TRACE] COPYING CREATED FILE: /home/maci/TitaniumStudioWorkspace/newGleb/Resources/android/images/list/vodafone.png => /home/maci/TitaniumStudioWorkspace/newGleb/build/android/bin/assets/Resources/images/list/vodafone.png
[TRACE] COPYING CREATED FILE: /home/maci/TitaniumStudioWorkspace/newGleb/Resources/android/images/market/amarillo_1x1.png => /home/maci/TitaniumStudioWorkspace/newGleb/build/android/bin/assets/Resources/images/market/amarillo_1x1.png
[TRACE] COPYING CREATED FILE: /home/maci/TitaniumStudioWorkspace/newGleb/Resources/android/images/market/utilidades.png => /home/maci/TitaniumStudioWorkspace/newGleb/build/android/bin/assets/Resources/images/market/utilidades.png
[TRACE] COPYING CREATED FILE: /home/maci/TitaniumStudioWorkspace/newGleb/Resources/android/images/market/chat.png => /home/maci/TitaniumStudioWorkspace/newGleb/build/android/bin/assets/Resources/images/market/chat.png
[TRACE] COPYING CREATED FILE: /home/maci/TitaniumStudioWorkspace/newGleb/Resources/android/images/market/updatingMap.png => /home/maci/TitaniumStudioWorkspace/newGleb/build/android/bin/assets/Resources/images/market/updatingMap.png
[TRACE] COPYING CREATED FILE: /home/maci/TitaniumStudioWorkspace/newGleb/Resources/android/images/market/premium.png => /home/maci/TitaniumStudioWorkspace/newGleb/build/android/bin/assets/Resources/images/market/premium.png
[TRACE] COPYING CREATED FILE: /home/maci/TitaniumStudioWorkspace/newGleb/Resources/android/images/market/verde_1x1.png => /home/maci/TitaniumStudioWorkspace/newGleb/build/android/bin/assets/Resources/images/market/verde_1x1.png
[TRACE] COPYING CREATED FILE: /home/maci/TitaniumStudioWorkspace/newGleb/Resources/android/images/market/cobertura.png => /home/maci/TitaniumStudioWorkspace/newGleb/build/android/bin/assets/Resources/images/market/cobertura.png
[TRACE] COPYING CREATED FILE: /home/maci/TitaniumStudioWorkspace/newGleb/Resources/android/images/market/vehiculo.png => /home/maci/TitaniumStudioWorkspace/newGleb/build/android/bin/assets/Resources/images/market/vehiculo.png
[TRACE] COPYING CREATED FILE: /home/maci/TitaniumStudioWorkspace/newGleb/Resources/android/images/market/verde_2x1.png => /home/maci/TitaniumStudioWorkspace/newGleb/build/android/bin/assets/Resources/images/market/verde_2x1.png
[TRACE] COPYING CREATED FILE: /home/maci/TitaniumStudioWorkspace/newGleb/Resources/android/images/market/amarillo_2x2.png => /home/maci/TitaniumStudioWorkspace/newGleb/build/android/bin/assets/Resources/images/market/amarillo_2x2.png
[TRACE] COPYING CREATED FILE: /home/maci/TitaniumStudioWorkspace/newGleb/Resources/android/images/market/verde_2x2.png => /home/maci/TitaniumStudioWorkspace/newGleb/build/android/bin/assets/Resources/images/market/verde_2x2.png
[TRACE] COPYING CREATED FILE: /home/maci/TitaniumStudioWorkspace/newGleb/Resources/android/images/market/subir.png => /home/maci/TitaniumStudioWorkspace/newGleb/build/android/bin/assets/Resources/images/market/subir.png
[TRACE] COPYING CREATED FILE: /home/maci/TitaniumStudioWorkspace/newGleb/Resources/android/images/market/ordenes_trabajo.png => /home/maci/TitaniumStudioWorkspace/newGleb/build/android/bin/assets/Resources/images/market/ordenes_trabajo.png
[TRACE] COPYING CREATED FILE: /home/maci/TitaniumStudioWorkspace/newGleb/Resources/android/images/market/tecnicos.png => /home/maci/TitaniumStudioWorkspace/newGleb/build/android/bin/assets/Resources/images/market/tecnicos.png
[TRACE] COPYING CREATED FILE: /home/maci/TitaniumStudioWorkspace/newGleb/Resources/android/images/market/iberbanda.png => /home/maci/TitaniumStudioWorkspace/newGleb/build/android/bin/assets/Resources/images/market/iberbanda.png
[TRACE] COPYING CREATED FILE: /home/maci/TitaniumStudioWorkspace/newGleb/Resources/android/images/market/info.png => /home/maci/TitaniumStudioWorkspace/newGleb/build/android/bin/assets/Resources/images/market/info.png
[TRACE] COPYING CREATED FILE: /home/maci/TitaniumStudioWorkspace/newGleb/Resources/android/images/market/gris_2x1.png => /home/maci/TitaniumStudioWorkspace/newGleb/build/android/bin/assets/Resources/images/market/gris_2x1.png
[TRACE] COPYING CREATED FILE: /home/maci/TitaniumStudioWorkspace/newGleb/Resources/android/images/market/gris_2x2.png => /home/maci/TitaniumStudioWorkspace/newGleb/build/android/bin/assets/Resources/images/market/gris_2x2.png
[TRACE] COPYING CREATED FILE: /home/maci/TitaniumStudioWorkspace/newGleb/Resources/android/images/market/novedades.png => /home/maci/TitaniumStudioWorkspace/newGleb/build/android/bin/assets/Resources/images/market/novedades.png
[TRACE] COPYING CREATED FILE: /home/maci/TitaniumStudioWorkspace/newGleb/Resources/android/images/market/verde_1x2.png => /home/maci/TitaniumStudioWorkspace/newGleb/build/android/bin/assets/Resources/images/market/verde_1x2.png
[TRACE] COPYING CREATED FILE: /home/maci/TitaniumStudioWorkspace/newGleb/Resources/android/images/market/configuracion.png => /home/maci/TitaniumStudioWorkspace/newGleb/build/android/bin/assets/Resources/images/market/configuracion.png
[TRACE] COPYING CREATED FILE: /home/maci/TitaniumStudioWorkspace/newGleb/Resources/android/images/market/gris_1x2.png => /home/maci/TitaniumStudioWorkspace/newGleb/build/android/bin/assets/Resources/images/market/gris_1x2.png
[TRACE] COPYING CREATED FILE: /home/maci/TitaniumStudioWorkspace/newGleb/Resources/android/images/market/rojo_1x1.png => /home/maci/TitaniumStudioWorkspace/newGleb/build/android/bin/assets/Resources/images/market/rojo_1x1.png
[TRACE] COPYING CREATED FILE: /home/maci/TitaniumStudioWorkspace/newGleb/Resources/android/images/market/rojo_2x1.png => /home/maci/TitaniumStudioWorkspace/newGleb/build/android/bin/assets/Resources/images/market/rojo_2x1.png
[TRACE] COPYING CREATED FILE: /home/maci/TitaniumStudioWorkspace/newGleb/Resources/android/images/market/gris_1x1.png => /home/maci/TitaniumStudioWorkspace/newGleb/build/android/bin/assets/Resources/images/market/gris_1x1.png
[TRACE] COPYING CREATED FILE: /home/maci/TitaniumStudioWorkspace/newGleb/Resources/android/images/market/rojo_1x2.png => /home/maci/TitaniumStudioWorkspace/newGleb/build/android/bin/assets/Resources/images/market/rojo_1x2.png
[TRACE] COPYING CREATED FILE: /home/maci/TitaniumStudioWorkspace/newGleb/Resources/android/images/market/mapa_tecnicos.png => /home/maci/TitaniumStudioWorkspace/newGleb/build/android/bin/assets/Resources/images/market/mapa_tecnicos.png
[TRACE] COPYING CREATED FILE: /home/maci/TitaniumStudioWorkspace/newGleb/Resources/android/images/market/amarillo_1x2.png => /home/maci/TitaniumStudioWorkspace/newGleb/build/android/bin/assets/Resources/images/market/amarillo_1x2.png
[TRACE] COPYING CREATED FILE: /home/maci/TitaniumStudioWorkspace/newGleb/Resources/android/images/market/rojo_2x2.png => /home/maci/TitaniumStudioWorkspace/newGleb/build/android/bin/assets/Resources/images/market/rojo_2x2.png
[TRACE] COPYING CREATED FILE: /home/maci/TitaniumStudioWorkspace/newGleb/Resources/android/images/google.png => /home/maci/TitaniumStudioWorkspace/newGleb/build/android/bin/assets/Resources/images/google.png
[TRACE] COPYING CREATED FILE: /home/maci/TitaniumStudioWorkspace/newGleb/Resources/android/images/subTable/camara.png => /home/maci/TitaniumStudioWorkspace/newGleb/build/android/bin/assets/Resources/images/subTable/camara.png
[TRACE] COPYING CREATED FILE: /home/maci/TitaniumStudioWorkspace/newGleb/Resources/android/images/subTable/detalles.png => /home/maci/TitaniumStudioWorkspace/newGleb/build/android/bin/assets/Resources/images/subTable/detalles.png
[TRACE] COPYING CREATED FILE: /home/maci/TitaniumStudioWorkspace/newGleb/Resources/android/images/subTable/ruta.png => /home/maci/TitaniumStudioWorkspace/newGleb/build/android/bin/assets/Resources/images/subTable/ruta.png
[TRACE] COPYING CREATED FILE: /home/maci/TitaniumStudioWorkspace/newGleb/Resources/android/images/subTable/tecnico.png => /home/maci/TitaniumStudioWorkspace/newGleb/build/android/bin/assets/Resources/images/subTable/tecnico.png
[TRACE] COPYING CREATED FILE: /home/maci/TitaniumStudioWorkspace/newGleb/Resources/android/images/subTable/comentario.png => /home/maci/TitaniumStudioWorkspace/newGleb/build/android/bin/assets/Resources/images/subTable/comentario.png
[TRACE] COPYING CREATED FILE: /home/maci/TitaniumStudioWorkspace/newGleb/Resources/android/images/subTable/brujula.png => /home/maci/TitaniumStudioWorkspace/newGleb/build/android/bin/assets/Resources/images/subTable/brujula.png
[TRACE] COPYING CREATED FILE: /home/maci/TitaniumStudioWorkspace/newGleb/Resources/android/images/subTable/firmado.png => /home/maci/TitaniumStudioWorkspace/newGleb/build/android/bin/assets/Resources/images/subTable/firmado.png
[TRACE] COPYING CREATED FILE: /home/maci/TitaniumStudioWorkspace/newGleb/Resources/android/images/subTable/cita.png => /home/maci/TitaniumStudioWorkspace/newGleb/build/android/bin/assets/Resources/images/subTable/cita.png
[TRACE] COPYING CREATED FILE: /home/maci/TitaniumStudioWorkspace/newGleb/Resources/android/images/explorer.png => /home/maci/TitaniumStudioWorkspace/newGleb/build/android/bin/assets/Resources/images/explorer.png
[TRACE] COPYING CREATED FILE: /home/maci/TitaniumStudioWorkspace/newGleb/Resources/android/images/antenna.png => /home/maci/TitaniumStudioWorkspace/newGleb/build/android/bin/assets/Resources/images/antenna.png
[TRACE] COPYING CREATED FILE: /home/maci/TitaniumStudioWorkspace/newGleb/Resources/android/images/avatar.png => /home/maci/TitaniumStudioWorkspace/newGleb/build/android/bin/assets/Resources/images/avatar.png
[TRACE] COPYING CREATED FILE: /home/maci/TitaniumStudioWorkspace/newGleb/Resources/android/images/GRID/button_rojo.png => /home/maci/TitaniumStudioWorkspace/newGleb/build/android/bin/assets/Resources/images/GRID/button_rojo.png
[TRACE] COPYING CREATED FILE: /home/maci/TitaniumStudioWorkspace/newGleb/Resources/android/images/GRID/filter.png => /home/maci/TitaniumStudioWorkspace/newGleb/build/android/bin/assets/Resources/images/GRID/filter.png
[TRACE] COPYING CREATED FILE: /home/maci/TitaniumStudioWorkspace/newGleb/Resources/android/images/GRID/maps.png => /home/maci/TitaniumStudioWorkspace/newGleb/build/android/bin/assets/Resources/images/GRID/maps.png
[TRACE] COPYING CREATED FILE: /home/maci/TitaniumStudioWorkspace/newGleb/Resources/android/images/GRID/button_morado.png => /home/maci/TitaniumStudioWorkspace/newGleb/build/android/bin/assets/Resources/images/GRID/button_morado.png
[TRACE] COPYING CREATED FILE: /home/maci/TitaniumStudioWorkspace/newGleb/Resources/android/images/GRID/button_rosa.png => /home/maci/TitaniumStudioWorkspace/newGleb/build/android/bin/assets/Resources/images/GRID/button_rosa.png
[TRACE] COPYING CREATED FILE: /home/maci/TitaniumStudioWorkspace/newGleb/Resources/android/images/GRID/button_gris.png => /home/maci/TitaniumStudioWorkspace/newGleb/build/android/bin/assets/Resources/images/GRID/button_gris.png
[TRACE] COPYING CREATED FILE: /home/maci/TitaniumStudioWorkspace/newGleb/Resources/android/images/GRID/email.png => /home/maci/TitaniumStudioWorkspace/newGleb/build/android/bin/assets/Resources/images/GRID/email.png
[TRACE] COPYING CREATED FILE: /home/maci/TitaniumStudioWorkspace/newGleb/Resources/android/images/GRID/button_naranja.png => /home/maci/TitaniumStudioWorkspace/newGleb/build/android/bin/assets/Resources/images/GRID/button_naranja.png
[TRACE] COPYING CREATED FILE: /home/maci/TitaniumStudioWorkspace/newGleb/Resources/android/images/GRID/button_amarillo.png => /home/maci/TitaniumStudioWorkspace/newGleb/build/android/bin/assets/Resources/images/GRID/button_amarillo.png
[TRACE] COPYING CREATED FILE: /home/maci/TitaniumStudioWorkspace/newGleb/Resources/android/images/GRID/camera.png => /home/maci/TitaniumStudioWorkspace/newGleb/build/android/bin/assets/Resources/images/GRID/camera.png
[TRACE] COPYING CREATED FILE: /home/maci/TitaniumStudioWorkspace/newGleb/Resources/android/images/GRID/coche.png => /home/maci/TitaniumStudioWorkspace/newGleb/build/android/bin/assets/Resources/images/GRID/coche.png
[TRACE] COPYING CREATED FILE: /home/maci/TitaniumStudioWorkspace/newGleb/Resources/android/images/GRID/upload.png => /home/maci/TitaniumStudioWorkspace/newGleb/build/android/bin/assets/Resources/images/GRID/upload.png
[TRACE] COPYING CREATED FILE: /home/maci/TitaniumStudioWorkspace/newGleb/Resources/android/images/GRID/satelites.png => /home/maci/TitaniumStudioWorkspace/newGleb/build/android/bin/assets/Resources/images/GRID/satelites.png
[TRACE] COPYING CREATED FILE: /home/maci/TitaniumStudioWorkspace/newGleb/Resources/android/images/GRID/info.png => /home/maci/TitaniumStudioWorkspace/newGleb/build/android/bin/assets/Resources/images/GRID/info.png
[TRACE] COPYING CREATED FILE: /home/maci/TitaniumStudioWorkspace/newGleb/Resources/android/images/GRID/button_marron.png => /home/maci/TitaniumStudioWorkspace/newGleb/build/android/bin/assets/Resources/images/GRID/button_marron.png
[TRACE] COPYING CREATED FILE: /home/maci/TitaniumStudioWorkspace/newGleb/Resources/android/images/GRID/configuracion.png => /home/maci/TitaniumStudioWorkspace/newGleb/build/android/bin/assets/Resources/images/GRID/configuracion.png
[TRACE] COPYING CREATED FILE: /home/maci/TitaniumStudioWorkspace/newGleb/Resources/android/images/GRID/button_negro.png => /home/maci/TitaniumStudioWorkspace/newGleb/build/android/bin/assets/Resources/images/GRID/button_negro.png
[TRACE] COPYING CREATED FILE: /home/maci/TitaniumStudioWorkspace/newGleb/Resources/android/images/GRID/antenas.png => /home/maci/TitaniumStudioWorkspace/newGleb/build/android/bin/assets/Resources/images/GRID/antenas.png
[TRACE] COPYING CREATED FILE: /home/maci/TitaniumStudioWorkspace/newGleb/Resources/android/images/GRID/button_azul.png => /home/maci/TitaniumStudioWorkspace/newGleb/build/android/bin/assets/Resources/images/GRID/button_azul.png
[TRACE] COPYING CREATED FILE: /home/maci/TitaniumStudioWorkspace/newGleb/Resources/android/images/GRID/alert.png => /home/maci/TitaniumStudioWorkspace/newGleb/build/android/bin/assets/Resources/images/GRID/alert.png
[TRACE] COPYING CREATED FILE: /home/maci/TitaniumStudioWorkspace/newGleb/Resources/android/images/GRID/news.png => /home/maci/TitaniumStudioWorkspace/newGleb/build/android/bin/assets/Resources/images/GRID/news.png
[TRACE] COPYING CREATED FILE: /home/maci/TitaniumStudioWorkspace/newGleb/Resources/android/images/GRID/button_verde.png => /home/maci/TitaniumStudioWorkspace/newGleb/build/android/bin/assets/Resources/images/GRID/button_verde.png
[TRACE] COPYING CREATED FILE: /home/maci/TitaniumStudioWorkspace/newGleb/Resources/android/images/signal-3.png => /home/maci/TitaniumStudioWorkspace/newGleb/build/android/bin/assets/Resources/images/signal-3.png
[TRACE] COPYING CREATED FILE: /home/maci/TitaniumStudioWorkspace/newGleb/Resources/android/images/pin.png => /home/maci/TitaniumStudioWorkspace/newGleb/build/android/bin/assets/Resources/images/pin.png
[TRACE] COPYING CREATED FILE: /home/maci/TitaniumStudioWorkspace/newGleb/Resources/android/default.png => /home/maci/TitaniumStudioWorkspace/newGleb/build/android/bin/assets/Resources/default.png
[TRACE] COPYING CREATED FILE: /home/maci/TitaniumStudioWorkspace/newGleb/Resources/android/appicon.png => /home/maci/TitaniumStudioWorkspace/newGleb/build/android/bin/assets/Resources/appicon.png
[TRACE] COPYING CREATED FILE: /home/maci/TitaniumStudioWorkspace/newGleb/Resources/sql/queueHTTP.sqlite => /home/maci/TitaniumStudioWorkspace/newGleb/build/android/bin/assets/Resources/sql/queueHTTP.sqlite
[TRACE] COPYING CREATED FILE: /home/maci/TitaniumStudioWorkspace/newGleb/Resources/modules/core.js => /home/maci/TitaniumStudioWorkspace/newGleb/build/android/bin/assets/Resources/modules/core.js
[TRACE] COPYING CREATED FILE: /home/maci/TitaniumStudioWorkspace/newGleb/Resources/config/initial.js => /home/maci/TitaniumStudioWorkspace/newGleb/build/android/bin/assets/Resources/config/initial.js
[TRACE] Generating Java Classes
[DEBUG] Processing Android resource drawables
[DEBUG] app stylesheet => /home/maci/TitaniumStudioWorkspace/newGleb/build/android/gen/ngleb/thinetic/es/ApplicationStylesheet.java
[DEBUG] copying app icon: /home/maci/TitaniumStudioWorkspace/newGleb/build/android/bin/assets/Resources/appicon.png
[DEBUG] generating theme.xml
[DEBUG] found drawable-notlong-port-hdpi splash screen at /home/maci/TitaniumStudioWorkspace/newGleb/Resources/android/images/res-notlong-port-hdpi/default.png
[DEBUG] copying /home/maci/TitaniumStudioWorkspace/newGleb/Resources/android/images/res-notlong-port-hdpi/default.png splash screen to /home/maci/TitaniumStudioWorkspace/newGleb/build/android/res/drawable-notlong-port-hdpi/background.png
[DEBUG] found drawable-long-port-ldpi splash screen at /home/maci/TitaniumStudioWorkspace/newGleb/Resources/android/images/res-long-port-ldpi/default.png
[DEBUG] copying /home/maci/TitaniumStudioWorkspace/newGleb/Resources/android/images/res-long-port-ldpi/default.png splash screen to /home/maci/TitaniumStudioWorkspace/newGleb/build/android/res/drawable-long-port-ldpi/background.png
[DEBUG] found drawable-long-land-hdpi splash screen at /home/maci/TitaniumStudioWorkspace/newGleb/Resources/android/images/res-long-land-hdpi/default.png
[DEBUG] copying /home/maci/TitaniumStudioWorkspace/newGleb/Resources/android/images/res-long-land-hdpi/default.png splash screen to /home/maci/TitaniumStudioWorkspace/newGleb/build/android/res/drawable-long-land-hdpi/background.png
[DEBUG] found drawable-notlong-land-ldpi splash screen at /home/maci/TitaniumStudioWorkspace/newGleb/Resources/android/images/res-notlong-land-ldpi/default.png
[DEBUG] copying /home/maci/TitaniumStudioWorkspace/newGleb/Resources/android/images/res-notlong-land-ldpi/default.png splash screen to /home/maci/TitaniumStudioWorkspace/newGleb/build/android/res/drawable-notlong-land-ldpi/background.png
[DEBUG] found drawable-notlong-land-mdpi splash screen at /home/maci/TitaniumStudioWorkspace/newGleb/Resources/android/images/res-notlong-land-mdpi/default.png
[DEBUG] copying /home/maci/TitaniumStudioWorkspace/newGleb/Resources/android/images/res-notlong-land-mdpi/default.png splash screen to /home/maci/TitaniumStudioWorkspace/newGleb/build/android/res/drawable-notlong-land-mdpi/background.png
[DEBUG] found drawable-notlong-port-mdpi splash screen at /home/maci/TitaniumStudioWorkspace/newGleb/Resources/android/images/res-notlong-port-mdpi/default.png
[DEBUG] copying /home/maci/TitaniumStudioWorkspace/newGleb/Resources/android/images/res-notlong-port-mdpi/default.png splash screen to /home/maci/TitaniumStudioWorkspace/newGleb/build/android/res/drawable-notlong-port-mdpi/background.png
[DEBUG] found drawable-notlong-port-ldpi splash screen at /home/maci/TitaniumStudioWorkspace/newGleb/Resources/android/images/res-notlong-port-ldpi/default.png
[DEBUG] copying /home/maci/TitaniumStudioWorkspace/newGleb/Resources/android/images/res-notlong-port-ldpi/default.png splash screen to /home/maci/TitaniumStudioWorkspace/newGleb/build/android/res/drawable-notlong-port-ldpi/background.png
[DEBUG] found drawable-notlong-land-hdpi splash screen at /home/maci/TitaniumStudioWorkspace/newGleb/Resources/android/images/res-notlong-land-hdpi/default.png
[DEBUG] copying /home/maci/TitaniumStudioWorkspace/newGleb/Resources/android/images/res-notlong-land-hdpi/default.png splash screen to /home/maci/TitaniumStudioWorkspace/newGleb/build/android/res/drawable-notlong-land-hdpi/background.png
[DEBUG] found drawable-long-land-ldpi splash screen at /home/maci/TitaniumStudioWorkspace/newGleb/Resources/android/images/res-long-land-ldpi/default.png
[DEBUG] copying /home/maci/TitaniumStudioWorkspace/newGleb/Resources/android/images/res-long-land-ldpi/default.png splash screen to /home/maci/TitaniumStudioWorkspace/newGleb/build/android/res/drawable-long-land-ldpi/background.png
[DEBUG] found drawable-long-port-hdpi splash screen at /home/maci/TitaniumStudioWorkspace/newGleb/Resources/android/images/res-long-port-hdpi/default.png
[DEBUG] copying /home/maci/TitaniumStudioWorkspace/newGleb/Resources/android/images/res-long-port-hdpi/default.png splash screen to /home/maci/TitaniumStudioWorkspace/newGleb/build/android/res/drawable-long-port-hdpi/background.png
[DEBUG] found splash screen at /home/maci/TitaniumStudioWorkspace/newGleb/build/android/bin/assets/Resources/default.png
[TRACE] Writing out AndroidManifest.xml
[DEBUG] adding /home/maci/TitaniumStudioWorkspace/newGleb/build/android/gen/ngleb/thinetic/es/NewGlebAppInfo.java to javac build list
[DEBUG] adding /home/maci/TitaniumStudioWorkspace/newGleb/build/android/gen/ngleb/thinetic/es/NewGlebApplication.java to javac build list
[DEBUG] adding /home/maci/TitaniumStudioWorkspace/newGleb/build/android/gen/ngleb/thinetic/es/AppActivity.java to javac build list
[DEBUG] adding /home/maci/TitaniumStudioWorkspace/newGleb/build/android/gen/ngleb/thinetic/es/NewGlebActivity.java to javac build list
[DEBUG] adding /home/maci/TitaniumStudioWorkspace/newGleb/build/android/gen/ngleb/thinetic/es/ApplicationStylesheet.java to javac build list
[DEBUG] adding /home/maci/TitaniumStudioWorkspace/newGleb/build/android/gen/ngleb/thinetic/es/R.java to javac build list
[DEBUG] Building Java Sources: "/home/maci/TitaniumStudioWorkspace/newGleb/build/android/gen/ngleb/thinetic/es/NewGlebAppInfo.java" "/home/maci/TitaniumStudioWorkspace/newGleb/build/android/gen/ngleb/thinetic/es/NewGlebApplication.java" "/home/maci/TitaniumStudioWorkspace/newGleb/build/android/gen/ngleb/thinetic/es/AppActivity.java" "/home/maci/TitaniumStudioWorkspace/newGleb/build/android/gen/ngleb/thinetic/es/NewGlebActivity.java" "/home/maci/TitaniumStudioWorkspace/newGleb/build/android/gen/ngleb/thinetic/es/ApplicationStylesheet.java" "/home/maci/TitaniumStudioWorkspace/newGleb/build/android/gen/ngleb/thinetic/es/R.java"
[INFO] Compiling Android Resources... This could take some time
[DEBUG] Android classes.dex built
[DEBUG] creating unsigned apk: /home/maci/TitaniumStudioWorkspace/newGleb/build/android/bin/app-unsigned.apk
[DEBUG] from resource zip => assets/Resources/config/initial.js
[DEBUG] from resource zip => assets/Resources/images/GRID/alert.png
[DEBUG] from resource zip => assets/Resources/images/GRID/antenas.png
[DEBUG] from resource zip => assets/Resources/images/GRID/button_amarillo.png
[DEBUG] from resource zip => assets/Resources/images/GRID/button_azul.png
[DEBUG] from resource zip => assets/Resources/images/GRID/button_gris.png
[DEBUG] from resource zip => assets/Resources/images/GRID/button_marron.png
[DEBUG] from resource zip => assets/Resources/images/GRID/button_morado.png
[DEBUG] from resource zip => assets/Resources/images/GRID/button_naranja.png
[DEBUG] from resource zip => assets/Resources/images/GRID/button_negro.png
[DEBUG] from resource zip => assets/Resources/images/GRID/button_rojo.png
[DEBUG] from resource zip => assets/Resources/images/GRID/button_rosa.png
[DEBUG] from resource zip => assets/Resources/images/GRID/button_verde.png
[DEBUG] from resource zip => assets/Resources/images/GRID/camera.png
[DEBUG] from resource zip => assets/Resources/images/GRID/coche.png
[DEBUG] from resource zip => assets/Resources/images/GRID/configuracion.png
[DEBUG] from resource zip => assets/Resources/images/GRID/email.png
[DEBUG] from resource zip => assets/Resources/images/GRID/filter.png
[DEBUG] from resource zip => assets/Resources/images/GRID/info.png
[DEBUG] from resource zip => assets/Resources/images/GRID/maps.png
[DEBUG] from resource zip => assets/Resources/images/GRID/news.png
[DEBUG] from resource zip => assets/Resources/images/GRID/satelites.png
[DEBUG] from resource zip => assets/Resources/images/GRID/upload.png
[DEBUG] from resource zip => assets/Resources/images/list/vodafone.png
[DEBUG] from resource zip => assets/Resources/images/market/amarillo_1x1.png
[DEBUG] from resource zip => assets/Resources/images/market/amarillo_1x2.png
[DEBUG] from resource zip => assets/Resources/images/market/amarillo_2x2.png
[DEBUG] from resource zip => assets/Resources/images/market/chat.png
[DEBUG] from resource zip => assets/Resources/images/market/cobertura.png
[DEBUG] from resource zip => assets/Resources/images/market/configuracion.png
[DEBUG] from resource zip => assets/Resources/images/market/gris_1x1.png
[DEBUG] from resource zip => assets/Resources/images/market/gris_1x2.png
[DEBUG] from resource zip => assets/Resources/images/market/gris_2x1.png
[DEBUG] from resource zip => assets/Resources/images/market/gris_2x2.png
[DEBUG] from resource zip => assets/Resources/images/market/iberbanda.png
[DEBUG] from resource zip => assets/Resources/images/market/info.png
[DEBUG] from resource zip => assets/Resources/images/market/mapa_tecnicos.png
[DEBUG] from resource zip => assets/Resources/images/market/novedades.png
[DEBUG] from resource zip => assets/Resources/images/market/ordenes_trabajo.png
[DEBUG] from resource zip => assets/Resources/images/market/premium.png
[DEBUG] from resource zip => assets/Resources/images/market/rojo_1x1.png
[DEBUG] from resource zip => assets/Resources/images/market/rojo_1x2.png
[DEBUG] from resource zip => assets/Resources/images/market/rojo_2x1.png
[DEBUG] from resource zip => assets/Resources/images/market/rojo_2x2.png
[DEBUG] from resource zip => assets/Resources/images/market/subir.png
[DEBUG] from resource zip => assets/Resources/images/market/tecnicos.png
[DEBUG] from resource zip => assets/Resources/images/market/updatingMap.png
[DEBUG] from resource zip => assets/Resources/images/market/utilidades.png
[DEBUG] from resource zip => assets/Resources/images/market/vehiculo.png
[DEBUG] from resource zip => assets/Resources/images/market/verde_1x1.png
[DEBUG] from resource zip => assets/Resources/images/market/verde_1x2.png
[DEBUG] from resource zip => assets/Resources/images/market/verde_2x1.png
[DEBUG] from resource zip => assets/Resources/images/market/verde_2x2.png
[DEBUG] from resource zip => assets/Resources/images/subTable/brujula.png
[DEBUG] from resource zip => assets/Resources/images/subTable/camara.png
[DEBUG] from resource zip => assets/Resources/images/subTable/cita.png
[DEBUG] from resource zip => assets/Resources/images/subTable/comentario.png
[DEBUG] from resource zip => assets/Resources/images/subTable/detalles.png
[DEBUG] from resource zip => assets/Resources/images/subTable/firmado.png
[DEBUG] from resource zip => assets/Resources/images/subTable/ruta.png
[DEBUG] from resource zip => assets/Resources/images/subTable/tecnico.png
[DEBUG] from resource zip => assets/Resources/images/AR.jpg
[DEBUG] from resource zip => assets/Resources/images/IOSIcon.png
[DEBUG] from resource zip => assets/Resources/images/androidIcon.png
[DEBUG] from resource zip => assets/Resources/images/antena.png
[DEBUG] from resource zip => assets/Resources/images/antenna.png
[DEBUG] from resource zip => assets/Resources/images/ar.png
[DEBUG] from resource zip => assets/Resources/images/avatar.png
[DEBUG] from resource zip => assets/Resources/images/background.png
[DEBUG] from resource zip => assets/Resources/images/banner.png
[DEBUG] from resource zip => assets/Resources/images/camara.png
[DEBUG] from resource zip => assets/Resources/images/cargando.png
[DEBUG] from resource zip => assets/Resources/images/email_forward.png
[DEBUG] from resource zip => assets/Resources/images/explorer.png
[DEBUG] from resource zip => assets/Resources/images/flecha.png
[DEBUG] from resource zip => assets/Resources/images/gleb.png
[DEBUG] from resource zip => assets/Resources/images/google.png
[DEBUG] from resource zip => assets/Resources/images/map.png
[DEBUG] from resource zip => assets/Resources/images/pin.png
[DEBUG] from resource zip => assets/Resources/images/refreshArrow.png
[DEBUG] from resource zip => assets/Resources/images/registro.png
[DEBUG] from resource zip => assets/Resources/images/satellite.png
[DEBUG] from resource zip => assets/Resources/images/scanner.png
[DEBUG] from resource zip => assets/Resources/images/signal-0.png
[DEBUG] from resource zip => assets/Resources/images/signal-1.png
[DEBUG] from resource zip => assets/Resources/images/signal-2.png
[DEBUG] from resource zip => assets/Resources/images/signal-3.png
[DEBUG] from resource zip => assets/Resources/images/signal-4.png
[DEBUG] from resource zip => assets/Resources/images/signal-5.png
[DEBUG] from resource zip => assets/Resources/images/statusBar.png
[DEBUG] from resource zip => assets/Resources/images/statusBar_left.png
[DEBUG] from resource zip => assets/Resources/images/statusBar_right.png
[DEBUG] from resource zip => assets/Resources/images/wikitude.png
[DEBUG] from resource zip => assets/Resources/images/wizard.png
[DEBUG] from resource zip => assets/Resources/images/wizard_header.png
[DEBUG] from resource zip => assets/Resources/modules/core.js
[DEBUG] from resource zip => assets/Resources/plugins/battery.js
[DEBUG] from resource zip => assets/Resources/plugins/colaHTTP.js
[DEBUG] from resource zip => assets/Resources/plugins/glebAPI.config.js
[DEBUG] from resource zip => assets/Resources/plugins/gps.js
[DEBUG] from resource zip => assets/Resources/plugins/heading.js
[DEBUG] from resource zip => assets/Resources/plugins/uploader.js
[DEBUG] from resource zip => assets/Resources/sql/queueHTTP.sqlite
[DEBUG] from resource zip => assets/Resources/ui/common/FirstView.js
[DEBUG] from resource zip => assets/Resources/ui/handheld/android/ApplicationWindow.js
[DEBUG] from resource zip => assets/Resources/ui/handheld/ApplicationWindow.js
[DEBUG] from resource zip => assets/Resources/ui/tablet/ApplicationWindow.js
[DEBUG] from resource zip => assets/Resources/app.js
[DEBUG] from resource zip => assets/Resources/appicon.png
[DEBUG] from resource zip => assets/Resources/default.png
[DEBUG] from resource zip => assets/app.json
[DEBUG] from resource zip => assets/index.json
[DEBUG] from resource zip => assets/tiapp.xml
[DEBUG] from resource zip => res/drawable/appicon.png
[DEBUG] from resource zip => res/drawable/background.png
[DEBUG] from resource zip => res/layout/titanium_tabgroup.xml
[DEBUG] from resource zip => AndroidManifest.xml
[DEBUG] from resource zip => resources.arsc
[DEBUG] from resource zip => res/drawable-long-land-hdpi/background.png
[DEBUG] from resource zip => res/drawable-long-land-ldpi/background.png
[DEBUG] from resource zip => res/drawable-long-port-hdpi/background.png
[DEBUG] from resource zip => res/drawable-long-port-ldpi/background.png
[DEBUG] from resource zip => res/drawable-notlong-land-hdpi/background.png
[DEBUG] from resource zip => res/drawable-notlong-land-ldpi/background.png
[DEBUG] from resource zip => res/drawable-notlong-land-mdpi/background.png
[DEBUG] from resource zip => res/drawable-notlong-port-hdpi/background.png
[DEBUG] from resource zip => res/drawable-notlong-port-ldpi/background.png
[DEBUG] from resource zip => res/drawable-notlong-port-mdpi/background.png
[DEBUG] from JAR /home/maci/.titanium/mobilesdk/linux/2.1.4.GA/android/modules/titanium-ui.jar => ti/modules/titanium/ui/widget/webview/binding.js
[DEBUG] from JAR /home/maci/.titanium/mobilesdk/linux/2.1.4.GA/android/modules/titanium-ui.jar => ti/modules/titanium/ui/widget/webview/binding.min.js
[DEBUG] from JAR /home/maci/.titanium/mobilesdk/linux/2.1.4.GA/android/modules/titanium-ui.jar => ti/modules/titanium/ui/widget/webview/json2.js
[DEBUG] from JAR /home/maci/.titanium/mobilesdk/linux/2.1.4.GA/android/modules/titanium-ui.jar => ti/modules/titanium/ui/widget/webview/polling.js
[DEBUG] from JAR /home/maci/.titanium/mobilesdk/linux/2.1.4.GA/android/modules/titanium-ui.jar => ti/modules/titanium/ui/widget/webview/polling.min.js
[DEBUG] from JAR /home/maci/.titanium/mobilesdk/linux/2.1.4.GA/android/titanium.jar => org/appcelerator/titanium/build.properties
[DEBUG] from JAR /home/maci/.titanium/mobilesdk/linux/2.1.4.GA/android/titanium.jar => org/appcelerator/titanium/res/drawable/background.png
[DEBUG] from JAR /home/maci/.titanium/mobilesdk/linux/2.1.4.GA/android/titanium.jar => org/appcelerator/titanium/res/drawable/btn_check_buttonless_on.png
[DEBUG] from JAR /home/maci/.titanium/mobilesdk/linux/2.1.4.GA/android/titanium.jar => org/appcelerator/titanium/res/drawable/btn_check_buttonless_on_18.png
[DEBUG] from JAR /home/maci/.titanium/mobilesdk/linux/2.1.4.GA/android/titanium.jar => org/appcelerator/titanium/res/drawable/btn_check_buttonless_on_48.png
[DEBUG] from JAR /home/maci/.titanium/mobilesdk/linux/2.1.4.GA/android/titanium.jar => org/appcelerator/titanium/res/drawable/btn_more.png
[DEBUG] from JAR /home/maci/.titanium/mobilesdk/linux/2.1.4.GA/android/titanium.jar => org/appcelerator/titanium/res/drawable/btn_more_18.png
[DEBUG] from JAR /home/maci/.titanium/mobilesdk/linux/2.1.4.GA/android/titanium.jar => org/appcelerator/titanium/res/drawable/btn_more_48.png
[DEBUG] from JAR /home/maci/.titanium/mobilesdk/linux/2.1.4.GA/android/titanium.jar => org/appcelerator/titanium/res/drawable/btn_picker_normal.9.png
[DEBUG] from JAR /home/maci/.titanium/mobilesdk/linux/2.1.4.GA/android/titanium.jar => org/appcelerator/titanium/res/drawable/btn_picker_pressed.9.png
[DEBUG] from JAR /home/maci/.titanium/mobilesdk/linux/2.1.4.GA/android/titanium.jar => org/appcelerator/titanium/res/drawable/btn_picker_selected.9.png
[DEBUG] from JAR /home/maci/.titanium/mobilesdk/linux/2.1.4.GA/android/titanium.jar => org/appcelerator/titanium/res/drawable/default_icon.png
[DEBUG] from JAR /home/maci/.titanium/mobilesdk/linux/2.1.4.GA/android/titanium.jar => org/appcelerator/titanium/res/drawable/photoDefault.png
[DEBUG] from JAR /home/maci/.titanium/mobilesdk/linux/2.1.4.GA/android/thirdparty.jar => org/apache/Commons-NOTICE.txt
[DEBUG] from JAR /home/maci/.titanium/mobilesdk/linux/2.1.4.GA/android/thirdparty.jar => org/apache/HttpComponents-NOTICE.txt
[DEBUG] from JAR /home/maci/.titanium/mobilesdk/linux/2.1.4.GA/android/thirdparty.jar => org/apache/mime4j-NOTICE.txt
[DEBUG] installing native SDK libs
[DEBUG] Waiting for device to be ready ...
[TRACE] adb devices returned 1 devices/emulators
[DEBUG] Device connected... (waited 0 seconds)
[DEBUG] waited 0.010584 seconds on emulator to get ready
[INFO] Installing application on device
[INFO] Application installed. Launch from drawer on Home Screen
